Arguments: 
  /usr/local/bin/node /usr/local/bin/yarn

PATH: 
  /Users/hoyeonlee/bin:/usr/local/bin:/usr/local/bin:/usr/bin:/bin:/usr/sbin:/sbin

Yarn version: 
  1.19.1

Node version: 
  8.16.2

Platform: 
  darwin x64

Trace: 
  SyntaxError: /Users/hoyeonlee/Desktop/grab-world/package.json: Unexpected token } in JSON at position 362
      at JSON.parse (<anonymous>)
      at /usr/local/lib/node_modules/yarn/lib/cli.js:1625:59
      at Generator.next (<anonymous>)
      at step (/usr/local/lib/node_modules/yarn/lib/cli.js:304:30)
      at /usr/local/lib/node_modules/yarn/lib/cli.js:315:13
      at <anonymous>

npm manifest: 
  {
    "name": "grab-world",
    "version": "1.0.0",
    "description": "grab's laboratory",
    "main": "index.js",
    "repository": "https://github.com/yansfil/grab-world.git",
    "author": "yansfil <tansfil@gmail.com>",
    "license": "MIT",
    "scripts": {
      "run:server": "cd ./apollo-server && yarn start",
      "install:server": "cd ./apollo-server && yarn add "
    },
  }

yarn manifest: 
  No manifest

Lockfile: 
  # THIS IS AN AUTOGENERATED FILE. DO NOT EDIT THIS FILE DIRECTLY.
  # yarn lockfile v1
  
  
  prettier@^1.19.1:
    version "1.19.1"
    resolved "https://registry.yarnpkg.com/prettier/-/prettier-1.19.1.tgz#f7d7f5ff8a9cd872a7be4ca142095956a60797cb"
    integrity sha512-s7PoyDv/II1ObgQunCbB9PdLmUcBZcnWOcxDh7O0N/UwDEsHyqkW+Qh28jW+mVuCdx7gLB0BotYI1Y6uI9iyew==
